[debug] [2020-09-28T16:57:21.971Z] ----------------------------------------------------------------------
[debug] [2020-09-28T16:57:21.973Z] Command:       /home/daves/.nvm/versions/node/v14.4.0/bin/node /home/daves/.nvm/versions/node/v14.4.0/bin/firebase emulators:start
[debug] [2020-09-28T16:57:21.973Z] CLI Version:   8.11.2
[debug] [2020-09-28T16:57:21.973Z] Platform:      linux
[debug] [2020-09-28T16:57:21.973Z] Node Version:  v14.4.0
[debug] [2020-09-28T16:57:21.973Z] Time:          Mon Sep 28 2020 18:57:21 GMT+0200 (Central European Summer Time)
[debug] [2020-09-28T16:57:21.973Z] ----------------------------------------------------------------------
[debug] [2020-09-28T16:57:21.973Z] 
[debug] [2020-09-28T16:57:21.977Z] > command requires scopes: ["email","openid","https://www.googleapis.com/auth/cloudplatformprojects.readonly","https://www.googleapis.com/auth/firebase","https://www.googleapis.com/auth/cloud-platform"]
[debug] [2020-09-28T16:57:21.978Z] > authorizing via signed-in user
[info] i  emulators: Starting emulators: functions, hosting {"metadata":{"emulator":{"name":"hub"},"message":"Starting emulators: functions, hosting"}}
[debug] [2020-09-28T16:57:21.997Z] [hub] writing locator at /tmp/hub-clone-cf967.json
[warn] ⚠  functions: The following emulators are not running, calls to these services from the Functions emulator will affect production: auth, firestore, database, pubsub {"metadata":{"emulator":{"name":"functions"},"message":"The following emulators are not running, calls to these services from the Functions emulator will affect production: \u001b[1mauth, firestore, database, pubsub\u001b[22m"}}
[warn] ⚠  Your requested "node" version "10" doesn't match your global version "14" {"metadata":{"emulator":{"name":"functions"},"message":"Your requested \"node\" version \"10\" doesn't match your global version \"14\""}}
[debug] [2020-09-28T16:57:22.018Z] defaultcredentials: writing to file /home/daves/.config/firebase/davesespinosa_gmail_com_application_default_credentials.json
[debug] [2020-09-28T16:57:22.020Z] Setting GAC to /home/daves/.config/firebase/davesespinosa_gmail_com_application_default_credentials.json {"metadata":{"emulator":{"name":"functions"},"message":"Setting GAC to /home/daves/.config/firebase/davesespinosa_gmail_com_application_default_credentials.json"}}
[debug] [2020-09-28T16:57:22.025Z] >>> HTTP REQUEST GET https://firebase.googleapis.com/v1beta1/projects/clone-cf967/webApps/-/config  
 
[debug] [2020-09-28T16:57:23.033Z] <<< HTTP RESPONSE 200 {"content-type":"application/json; charset=UTF-8","vary":"X-Origin, Referer, Origin,Accept-Encoding","date":"Mon, 28 Sep 2020 16:57:22 GMT","server":"ESF","cache-control":"private","x-xss-protection":"0","x-frame-options":"SAMEORIGIN","x-content-type-options":"nosniff","alt-svc":"h3-Q050=\":443\"; ma=2592000,h3-29=\":443\"; ma=2592000,h3-27=\":443\"; ma=2592000,h3-T051=\":443\"; ma=2592000,h3-T050=\":443\"; ma=2592000,h3-Q046=\":443\"; ma=2592000,h3-Q043=\":443\"; ma=2592000,quic=\":443\"; ma=2592000; v=\"46,43\"","accept-ranges":"none","transfer-encoding":"chunked"}
[info] i  hosting: Serving hosting files from: build {"metadata":{"emulator":{"name":"hosting"},"message":"Serving hosting files from: \u001b[1mbuild\u001b[22m"}}
[info] ✔  hosting: Local server: http://localhost:5000 {"metadata":{"emulator":{"name":"hosting"},"message":"Local server: \u001b[4m\u001b[1mhttp://localhost:5000\u001b[22m\u001b[24m"}}
[debug] [2020-09-28T16:57:23.078Z] Ignoring unsupported arg: auto_download {"metadata":{"emulator":{"name":"ui"},"message":"Ignoring unsupported arg: auto_download"}}
[debug] [2020-09-28T16:57:23.078Z] Ignoring unsupported arg: port {"metadata":{"emulator":{"name":"ui"},"message":"Ignoring unsupported arg: port"}}
[debug] [2020-09-28T16:57:23.078Z] Starting Emulator UI with command {"binary":"node","args":["/home/daves/.cache/firebase/emulators/ui-v1.1.1/server.bundle.js"],"optionalArgs":[],"joinArgs":false} {"metadata":{"emulator":{"name":"ui"},"message":"Starting Emulator UI with command {\"binary\":\"node\",\"args\":[\"/home/daves/.cache/firebase/emulators/ui-v1.1.1/server.bundle.js\"],\"optionalArgs\":[],\"joinArgs\":false}"}}
[info] i  ui: Emulator UI logging to ui-debug.log {"metadata":{"emulator":{"name":"ui"},"message":"Emulator UI logging to \u001b[1mui-debug.log\u001b[22m"}}
[debug] [2020-09-28T16:57:23.165Z] Web / API server started at http://localhost:4000
 {"metadata":{"emulator":{"name":"ui"},"message":"Web / API server started at http://localhost:4000\n"}}
[info] i  functions: Watching "/home/daves/m3-repos/amazon-clone/functions" for Cloud Functions... {"metadata":{"emulator":{"name":"functions"},"message":"Watching \"/home/daves/m3-repos/amazon-clone/functions\" for Cloud Functions..."}}
[debug] [2020-09-28T16:57:23.372Z] [worker-pool] addWorker(~diagnostic~) {"metadata":{"emulator":{"name":"functions"},"message":"[worker-pool] addWorker(~diagnostic~)"}}
[debug] [2020-09-28T16:57:23.373Z] [worker-pool] Adding worker with key ~diagnostic~, total=1 {"metadata":{"emulator":{"name":"functions"},"message":"[worker-pool] Adding worker with key ~diagnostic~, total=1"}}
[debug] [2020-09-28T16:57:23.373Z] [worker-pool] submitWork(triggerId=) {"metadata":{"emulator":{"name":"functions"},"message":"[worker-pool] submitWork(triggerId=)"}}
[debug] [2020-09-28T16:57:23.374Z] [worker-~diagnostic~-b94f9c01-55a0-4d62-b246-11a1c5e331b9]: Assigning socketPath: /tmp/fire_emu_45889.sock {"metadata":{"emulator":{"name":"functions"},"message":"[worker-~diagnostic~-b94f9c01-55a0-4d62-b246-11a1c5e331b9]: Assigning socketPath: /tmp/fire_emu_45889.sock"}}
[debug] [2020-09-28T16:57:23.374Z] [worker-~diagnostic~-b94f9c01-55a0-4d62-b246-11a1c5e331b9]: BUSY {"metadata":{"emulator":{"name":"functions"},"message":"[worker-~diagnostic~-b94f9c01-55a0-4d62-b246-11a1c5e331b9]: BUSY"}}
[debug] [2020-09-28T16:57:23.589Z] [runtime-status] [45889] Functions runtime initialized. {"cwd":"/home/daves/m3-repos/amazon-clone/functions","node_version":"14.4.0"} {"metadata":{"emulator":{"name":"functions"},"message":"[runtime-status] [45889] Functions runtime initialized. {\"cwd\":\"/home/daves/m3-repos/amazon-clone/functions\",\"node_version\":\"14.4.0\"}"}}
[debug] [2020-09-28T16:57:23.591Z] [runtime-status] [45889] Disabled runtime features: undefined {"metadata":{"emulator":{"name":"functions"},"message":"[runtime-status] [45889] Disabled runtime features: undefined"}}
[debug] [2020-09-28T16:57:23.593Z] [runtime-status] [45889] Resolved module firebase-admin {"declared":true,"installed":true,"version":"8.13.0","resolution":"/home/daves/m3-repos/amazon-clone/functions/node_modules/firebase-admin/lib/index.js"} {"metadata":{"emulator":{"name":"functions"},"message":"[runtime-status] [45889] Resolved module firebase-admin {\"declared\":true,\"installed\":true,\"version\":\"8.13.0\",\"resolution\":\"/home/daves/m3-repos/amazon-clone/functions/node_modules/firebase-admin/lib/index.js\"}"}}
[debug] [2020-09-28T16:57:23.596Z] [runtime-status] [45889] Resolved module firebase-functions {"declared":true,"installed":true,"version":"3.11.0","resolution":"/home/daves/m3-repos/amazon-clone/functions/node_modules/firebase-functions/lib/index.js"} {"metadata":{"emulator":{"name":"functions"},"message":"[runtime-status] [45889] Resolved module firebase-functions {\"declared\":true,\"installed\":true,\"version\":\"3.11.0\",\"resolution\":\"/home/daves/m3-repos/amazon-clone/functions/node_modules/firebase-functions/lib/index.js\"}"}}
[debug] [2020-09-28T16:57:23.597Z] [runtime-status] [45889] Resolved module firebase-functions {"declared":true,"installed":true,"version":"3.11.0","resolution":"/home/daves/m3-repos/amazon-clone/functions/node_modules/firebase-functions/lib/index.js"} {"metadata":{"emulator":{"name":"functions"},"message":"[runtime-status] [45889] Resolved module firebase-functions {\"declared\":true,\"installed\":true,\"version\":\"3.11.0\",\"resolution\":\"/home/daves/m3-repos/amazon-clone/functions/node_modules/firebase-functions/lib/index.js\"}"}}
[debug] [2020-09-28T16:57:23.598Z] [runtime-status] [45889] Outgoing network have been stubbed. [{"name":"http","status":"mocked"},{"name":"http","status":"mocked"},{"name":"https","status":"mocked"},{"name":"https","status":"mocked"},{"name":"net","status":"mocked"}] {"metadata":{"emulator":{"name":"functions"},"message":"[runtime-status] [45889] Outgoing network have been stubbed. [{\"name\":\"http\",\"status\":\"mocked\"},{\"name\":\"http\",\"status\":\"mocked\"},{\"name\":\"https\",\"status\":\"mocked\"},{\"name\":\"https\",\"status\":\"mocked\"},{\"name\":\"net\",\"status\":\"mocked\"}]"}}
[debug] [2020-09-28T16:57:23.599Z] [runtime-status] [45889] Resolved module firebase-functions {"declared":true,"installed":true,"version":"3.11.0","resolution":"/home/daves/m3-repos/amazon-clone/functions/node_modules/firebase-functions/lib/index.js"} {"metadata":{"emulator":{"name":"functions"},"message":"[runtime-status] [45889] Resolved module firebase-functions {\"declared\":true,\"installed\":true,\"version\":\"3.11.0\",\"resolution\":\"/home/daves/m3-repos/amazon-clone/functions/node_modules/firebase-functions/lib/index.js\"}"}}
[debug] [2020-09-28T16:57:23.623Z] [runtime-status] [45889] Checked functions.config() {"config":{}} {"metadata":{"emulator":{"name":"functions"},"message":"[runtime-status] [45889] Checked functions.config() {\"config\":{}}"}}
[debug] [2020-09-28T16:57:23.623Z] [runtime-status] [45889] firebase-functions has been stubbed. {"functionsResolution":{"declared":true,"installed":true,"version":"3.11.0","resolution":"/home/daves/m3-repos/amazon-clone/functions/node_modules/firebase-functions/lib/index.js"}} {"metadata":{"emulator":{"name":"functions"},"message":"[runtime-status] [45889] firebase-functions has been stubbed. {\"functionsResolution\":{\"declared\":true,\"installed\":true,\"version\":\"3.11.0\",\"resolution\":\"/home/daves/m3-repos/amazon-clone/functions/node_modules/firebase-functions/lib/index.js\"}}"}}
[debug] [2020-09-28T16:57:23.624Z] [runtime-status] [45889] Resolved module firebase-functions {"declared":true,"installed":true,"version":"3.11.0","resolution":"/home/daves/m3-repos/amazon-clone/functions/node_modules/firebase-functions/lib/index.js"} {"metadata":{"emulator":{"name":"functions"},"message":"[runtime-status] [45889] Resolved module firebase-functions {\"declared\":true,\"installed\":true,\"version\":\"3.11.0\",\"resolution\":\"/home/daves/m3-repos/amazon-clone/functions/node_modules/firebase-functions/lib/index.js\"}"}}
[debug] [2020-09-28T16:57:23.625Z] [runtime-status] [45889] Resolved module firebase-admin {"declared":true,"installed":true,"version":"8.13.0","resolution":"/home/daves/m3-repos/amazon-clone/functions/node_modules/firebase-admin/lib/index.js"} {"metadata":{"emulator":{"name":"functions"},"message":"[runtime-status] [45889] Resolved module firebase-admin {\"declared\":true,\"installed\":true,\"version\":\"8.13.0\",\"resolution\":\"/home/daves/m3-repos/amazon-clone/functions/node_modules/firebase-admin/lib/index.js\"}"}}
[debug] [2020-09-28T16:57:23.626Z] [runtime-status] [45889] Resolved module firebase-functions {"declared":true,"installed":true,"version":"3.11.0","resolution":"/home/daves/m3-repos/amazon-clone/functions/node_modules/firebase-functions/lib/index.js"} {"metadata":{"emulator":{"name":"functions"},"message":"[runtime-status] [45889] Resolved module firebase-functions {\"declared\":true,\"installed\":true,\"version\":\"3.11.0\",\"resolution\":\"/home/daves/m3-repos/amazon-clone/functions/node_modules/firebase-functions/lib/index.js\"}"}}
[debug] [2020-09-28T16:57:23.626Z] [runtime-status] [45889] firebase-admin has been stubbed. {"adminResolution":{"declared":true,"installed":true,"version":"8.13.0","resolution":"/home/daves/m3-repos/amazon-clone/functions/node_modules/firebase-admin/lib/index.js"}} {"metadata":{"emulator":{"name":"functions"},"message":"[runtime-status] [45889] firebase-admin has been stubbed. {\"adminResolution\":{\"declared\":true,\"installed\":true,\"version\":\"8.13.0\",\"resolution\":\"/home/daves/m3-repos/amazon-clone/functions/node_modules/firebase-admin/lib/index.js\"}}"}}
[info] ✔  functions[api]: http function initialized (http://localhost:5001/clone-cf967/us-central1/api). {"metadata":{"emulator":{"name":"functions"},"message":"\u001b[1mhttp\u001b[22m function initialized (http://localhost:5001/clone-cf967/us-central1/api)."}}
[info] 
┌───────────────────────────────────────────────────────────────────────┐
│ ✔  All emulators ready! View status and logs at http://localhost:4000 │
└───────────────────────────────────────────────────────────────────────┘

┌───────────┬────────────────┬─────────────────────────────────┐
│ Emulator  │ Host:Port      │ View in Emulator UI             │
├───────────┼────────────────┼─────────────────────────────────┤
│ Functions │ localhost:5001 │ http://localhost:4000/functions │
├───────────┼────────────────┼─────────────────────────────────┤
│ Hosting   │ localhost:5000 │ n/a                             │
└───────────┴────────────────┴─────────────────────────────────┘
  Other reserved ports: 4400, 4500

Issues? Report them at https://github.com/firebase/firebase-tools/issues and attach the *-debug.log files.
 
[debug] [2020-09-28T16:57:23.697Z] [worker-~diagnostic~-b94f9c01-55a0-4d62-b246-11a1c5e331b9]: IDLE {"metadata":{"emulator":{"name":"functions"},"message":"[worker-~diagnostic~-b94f9c01-55a0-4d62-b246-11a1c5e331b9]: IDLE"}}
