[debug] [2020-09-29T10:01:20.244Z] ----------------------------------------------------------------------
[debug] [2020-09-29T10:01:20.246Z] Command:       /home/daves/.nvm/versions/node/v14.4.0/bin/node /home/daves/.nvm/versions/node/v14.4.0/bin/firebase deploy --only functions
[debug] [2020-09-29T10:01:20.246Z] CLI Version:   8.11.2
[debug] [2020-09-29T10:01:20.246Z] Platform:      linux
[debug] [2020-09-29T10:01:20.246Z] Node Version:  v14.4.0
[debug] [2020-09-29T10:01:20.246Z] Time:          Tue Sep 29 2020 12:01:20 GMT+0200 (Central European Summer Time)
[debug] [2020-09-29T10:01:20.247Z] ----------------------------------------------------------------------
[debug] [2020-09-29T10:01:20.247Z] 
[debug] [2020-09-29T10:01:20.251Z] > command requires scopes: ["email","openid","https://www.googleapis.com/auth/cloudplatformprojects.readonly","https://www.googleapis.com/auth/firebase","https://www.googleapis.com/auth/cloud-platform"]
[debug] [2020-09-29T10:01:20.251Z] > authorizing via signed-in user
[debug] [2020-09-29T10:01:20.251Z] [iam] checking project clone-cf967 for permissions ["cloudfunctions.functions.create","cloudfunctions.functions.delete","cloudfunctions.functions.get","cloudfunctions.functions.list","cloudfunctions.functions.update","cloudfunctions.operations.get","firebase.projects.get"]
[debug] [2020-09-29T10:01:20.253Z] >>> HTTP REQUEST POST https://cloudresourcemanager.googleapis.com/v1/projects/clone-cf967:testIamPermissions  
 {"permissions":["cloudfunctions.functions.create","cloudfunctions.functions.delete","cloudfunctions.functions.get","cloudfunctions.functions.list","cloudfunctions.functions.update","cloudfunctions.operations.get","firebase.projects.get"]}
[debug] [2020-09-29T10:01:21.107Z] <<< HTTP RESPONSE 200 {"content-type":"application/json; charset=UTF-8","vary":"X-Origin, Referer, Origin,Accept-Encoding","date":"Tue, 29 Sep 2020 10:01:20 GMT","server":"ESF","cache-control":"private","x-xss-protection":"0","x-frame-options":"SAMEORIGIN","x-content-type-options":"nosniff","server-timing":"gfet4t7; dur=664","alt-svc":"h3-Q050=\":443\"; ma=2592000,h3-29=\":443\"; ma=2592000,h3-27=\":443\"; ma=2592000,h3-T051=\":443\"; ma=2592000,h3-T050=\":443\"; ma=2592000,h3-Q046=\":443\"; ma=2592000,h3-Q043=\":443\"; ma=2592000,quic=\":443\"; ma=2592000; v=\"46,43\"","accept-ranges":"none","transfer-encoding":"chunked"}
[debug] [2020-09-29T10:01:21.112Z] >>> HTTP REQUEST POST https://iam.googleapis.com/v1/projects/clone-cf967/serviceAccounts/clone-cf967@appspot.gserviceaccount.com:testIamPermissions  
 {"permissions":["iam.serviceAccounts.actAs"]}
[debug] [2020-09-29T10:01:22.020Z] <<< HTTP RESPONSE 200 {"content-type":"application/json; charset=UTF-8","vary":"X-Origin, Referer, Origin,Accept-Encoding","date":"Tue, 29 Sep 2020 10:01:21 GMT","server":"ESF","cache-control":"private","x-xss-protection":"0","x-frame-options":"SAMEORIGIN","x-content-type-options":"nosniff","alt-svc":"h3-Q050=\":443\"; ma=2592000,h3-29=\":443\"; ma=2592000,h3-27=\":443\"; ma=2592000,h3-T051=\":443\"; ma=2592000,h3-T050=\":443\"; ma=2592000,h3-Q046=\":443\"; ma=2592000,h3-Q043=\":443\"; ma=2592000,quic=\":443\"; ma=2592000; v=\"46,43\"","accept-ranges":"none","transfer-encoding":"chunked"}
[info] 
[info] === Deploying to 'clone-cf967'...
[info] 
[info] i  deploying functions 
[info] Running command: npm --prefix "$RESOURCE_DIR" run lint
[info] ✔  functions: Finished running predeploy script. 
